{
  "stats": {
    "suites": 1,
    "tests": 1,
    "passes": 1,
    "pending": 0,
    "failures": 0,
    "start": "2025-12-08T13:44:48.678Z",
    "end": "2025-12-08T13:44:51.576Z",
    "duration": 2898,
    "testsRegistered": 1,
    "passPercent": 100,
    "pendingPercent": 0,
    "other": 0,
    "hasOther": false,
    "skipped": 0,
    "hasSkipped": false
  },
  "results": [
    {
      "uuid": "ea72e2ab-5f02-4417-b012-86f76a1a2a41",
      "title": "",
      "fullFile": "cypress\\e2e\\auth\\login.cy.js",
      "file": "cypress\\e2e\\auth\\login.cy.js",
      "beforeHooks": [],
      "afterHooks": [],
      "tests": [],
      "suites": [
        {
          "uuid": "e0d8972c-6b45-4a36-b16e-2788b2abb6f7",
          "title": "Authentication - Login",
          "fullFile": "",
          "file": "",
          "beforeHooks": [],
          "afterHooks": [],
          "tests": [
            {
              "title": "Login with valid credentials",
              "fullTitle": "Authentication - Login Login with valid credentials",
              "timedOut": null,
              "duration": 2773,
              "state": "passed",
              "speed": "fast",
              "pass": true,
              "fail": false,
              "pending": false,
              "context": null,
              "code": "cy.fixture(\"users\").then(data => {\n  _LoginPage.default.login(data.validUser.email, data.validUser.password);\n  cy.url().should(\"include\", \"/inventory.html\");\n  _DashboardPage.default.verifyDashboard();\n});",
              "err": {},
              "uuid": "6d947f7c-5489-489f-8c10-6e741b2b7c8f",
              "parentUUID": "e0d8972c-6b45-4a36-b16e-2788b2abb6f7",
              "isHook": false,
              "skipped": false
            }
          ],
          "suites": [],
          "passes": [
            "6d947f7c-5489-489f-8c10-6e741b2b7c8f"
          ],
          "failures": [],
          "pending": [],
          "skipped": [],
          "duration": 2773,
          "root": false,
          "rootEmpty": false,
          "_timeout": 2000
        }
      ],
      "passes": [],
      "failures": [],
      "pending": [],
      "skipped": [],
      "duration": 0,
      "root": true,
      "rootEmpty": true,
      "_timeout": 2000
    }
  ],
  "meta": {
    "mocha": {
      "version": "7.2.0"
    },
    "mochawesome": {
      "options": {
        "quiet": false,
        "reportFilename": "mochawesome",
        "saveHtml": true,
        "saveJson": true,
        "consoleReporter": "spec",
        "useInlineDiffs": false,
        "code": true
      },
      "version": "7.1.4"
    },
    "marge": {
      "options": {
        "reportDir": "cypress/reports",
        "overwrite": false,
        "html": true,
        "json": true
      },
      "version": "6.3.2"
    }
  }
}